Starting preprocessing of the model file ...
Found 10 equation(s).
Evaluating expressions...done
Computing static model derivatives (order 1).
Computing dynamic model derivatives (order 1).
Processing outputs ...
done
Preprocessing completed.

MODEL SUMMARY

  Number of variables:         10
  Number of stochastic shocks: 4
  Number of state variables:   6
  Number of jumpers:           2
  Number of static variables:  2


MATRIX OF COVARIANCE OF EXOGENOUS SHOCKS
Variables        err_u      err_r      err_z  err_istar
err_u         1.000000   0.000000   0.000000   0.000000
err_r         0.000000   1.000000   0.000000   0.000000
err_z         0.000000   0.000000   1.000000   0.000000
err_istar     0.000000   0.000000   0.000000   1.000000

POLICY AND TRANSITION FUNCTIONS
                                   x             pih              pi             tau               i         delta_e
z(-1)                       0.300294        0.068413       -0.171470       -0.599706       -0.257205               0
i(-1)                              0               0               0               0               0        1.000000
istar(-1)                          0               0               0               0               0       -1.000000
r(-1)                       0.301374        1.390240        1.510789        0.301374        2.266184               0
tau(-1)                     0.320385        0.161095       -0.110751        0.320385       -0.166126               0
u(-1)                      -1.658939        0.604184       -0.059391       -1.658939       -0.089087               0
err_u                      -1.843266        0.671316       -0.065990       -1.843266       -0.098985               0
err_r                       0.334860        1.544711        1.678655        0.334860        2.517982               0
err_z                       0.333659        0.076014       -0.190522       -0.666341       -0.285783               0


THEORETICAL MOMENTS
VARIABLE         MEAN  STD. DEV.   VARIANCE
x              0.0000     6.1146    37.3886
pih            0.0000     3.7944    14.3974
pi             0.0000     3.7901    14.3646
tau            0.0000     6.4793    41.9815
i              0.0000     5.6851    32.3204
delta_e        0.0000     6.1305    37.5835



VARIANCE DECOMPOSITION (in percent)
               err_u      err_r      err_z  err_istar
x              96.49       3.18       0.33       0.00
pih             4.55      95.15       0.31       0.00
pi              1.99      97.58       0.43       0.00
tau            85.93       2.84      11.23       0.00
i               1.99      97.58       0.43       0.00
delta_e         1.71      83.91       0.37      14.00



MATRIX OF CORRELATIONS
Variables          x      pih       pi      tau        i  delta_e
x             1.0000   0.0169   0.0466   0.9353   0.0466   0.0507
pih           0.0169   1.0000   0.9754   0.0287   0.9754   0.8236
pi            0.0466   0.9754   1.0000   0.0648   1.0000   0.8280
tau           0.9353   0.0287   0.0648   1.0000   0.0648   0.0652
i             0.0466   0.9754   1.0000   0.0648   1.0000   0.8280
delta_e       0.0507   0.8236   0.8280   0.0652   0.8280   1.0000



COEFFICIENTS OF AUTOCORRELATION
Order           1       2       3       4       5
x          0.9450  0.8650  0.7831  0.7063  0.6361
pih        0.8915  0.7996  0.7187  0.6466  0.5818
pi         0.8929  0.8013  0.7205  0.6482  0.5833
tau        0.9472  0.8677  0.7857  0.7087  0.6384
i          0.8929  0.8013  0.7205  0.6482  0.5833
delta_e    0.8939  0.8026  0.7217  0.6493  0.5843
Total computing time : 0h00m02s
